<?xml version="1.0" encoding="UTF-8"?>
<testsuite name="com.jojoldu.book.springboot.web.IndexControllerTest" tests="1" skipped="0" failures="0" errors="0" timestamp="2021-05-01T04:18:50" hostname="DESKTOP-K7NOP8D" time="0.324">
  <properties/>
  <testcase name="메인페이지_로딩" classname="com.jojoldu.book.springboot.web.IndexControllerTest" time="0.324"/>
  <system-out><![CDATA[2021-05-01 13:18:46.941  INFO 4588 --- [    Test worker] .b.t.c.SpringBootTestContextBootstrapper : Neither @ContextConfiguration nor @ContextHierarchy found for test class [com.jojoldu.book.springboot.web.IndexControllerTest], using SpringBootContextLoader
2021-05-01 13:18:46.942  INFO 4588 --- [    Test worker] o.s.t.c.support.AbstractContextLoader    : Could not detect default resource locations for test class [com.jojoldu.book.springboot.web.IndexControllerTest]: no resource found for suffixes {-context.xml, Context.groovy}.
2021-05-01 13:18:46.942  INFO 4588 --- [    Test worker] t.c.s.AnnotationConfigContextLoaderUtils : Could not detect default configuration classes for test class [com.jojoldu.book.springboot.web.IndexControllerTest]: IndexControllerTest does not declare any static, non-private, non-final, nested classes annotated with @Configuration.
2021-05-01 13:18:46.945  INFO 4588 --- [    Test worker] .b.t.c.SpringBootTestContextBootstrapper : Found @SpringBootConfiguration com.jojoldu.book.springboot.Application for test class com.jojoldu.book.springboot.web.IndexControllerTest
2021-05-01 13:18:46.947  INFO 4588 --- [    Test worker] .b.t.c.SpringBootTestContextBootstrapper : Loaded default TestExecutionListener class names from location [META-INF/spring.factories]: [org.springframework.security.test.context.support.WithSecurityContextTestExecutionListener, org.springframework.security.test.context.support.ReactorContextTestExecutionListener, org.springframework.boot.test.autoconfigure.restdocs.RestDocsTestExecutionListener, org.springframework.boot.test.autoconfigure.web.client.MockRestServiceServerResetTestExecutionListener, org.springframework.boot.test.autoconfigure.web.servlet.MockMvcPrintOnlyOnFailureTestExecutionListener, org.springframework.boot.test.autoconfigure.web.servlet.WebDriverTestExecutionListener, org.springframework.boot.test.mock.mockito.MockitoTestExecutionListener, org.springframework.boot.test.mock.mockito.ResetMocksTestExecutionListener, org.springframework.test.context.web.ServletTestExecutionListener, org.springframework.test.context.support.DirtiesContextBeforeModesTestExecutionListener, org.springframework.test.context.support.DependencyInjectionTestExecutionListener, org.springframework.test.context.support.DirtiesContextTestExecutionListener, org.springframework.test.context.transaction.TransactionalTestExecutionListener, org.springframework.test.context.jdbc.SqlScriptsTestExecutionListener]
2021-05-01 13:18:46.949  INFO 4588 --- [    Test worker] .b.t.c.SpringBootTestContextBootstrapper : Using TestExecutionListeners: [org.springframework.test.context.web.ServletTestExecutionListener@48237def, org.springframework.test.context.support.DirtiesContextBeforeModesTestExecutionListener@6ba0f9db, org.springframework.boot.test.mock.mockito.MockitoTestExecutionListener@7c37a433, org.springframework.boot.test.autoconfigure.SpringBootDependencyInjectionTestExecutionListener@5ac2d37e, org.springframework.test.context.support.DirtiesContextTestExecutionListener@95d11cc, org.springframework.test.context.transaction.TransactionalTestExecutionListener@655f5f1d, org.springframework.test.context.jdbc.SqlScriptsTestExecutionListener@248879b9, org.springframework.security.test.context.support.WithSecurityContextTestExecutionListener@689d1775, org.springframework.security.test.context.support.ReactorContextTestExecutionListener@9afa8db, org.springframework.boot.test.autoconfigure.restdocs.RestDocsTestExecutionListener@1697b944, org.springframework.boot.test.autoconfigure.web.client.MockRestServiceServerResetTestExecutionListener@71355f9e, org.springframework.boot.test.autoconfigure.web.servlet.MockMvcPrintOnlyOnFailureTestExecutionListener@7113c872, org.springframework.boot.test.autoconfigure.web.servlet.WebDriverTestExecutionListener@58e5ffb, org.springframework.boot.test.mock.mockito.ResetMocksTestExecutionListener@2ef89b97]

  .   ____          _            __ _ _
 /\\ / ___'_ __ _ _(_)_ __  __ _ \ \ \ \
( ( )\___ | '_ | '_| | '_ \/ _` | \ \ \ \
 \\/  ___)| |_)| | | | | || (_| |  ) ) ) )
  '  |____| .__|_| |_|_| |_\__, | / / / /
 =========|_|==============|___/=/_/_/_/
 :: Spring Boot ::        (v2.1.7.RELEASE)

2021-05-01 13:18:47.038  INFO 4588 --- [    Test worker] c.j.b.s.web.IndexControllerTest          : Starting IndexControllerTest on DESKTOP-K7NOP8D with PID 4588 (started by namu1714 in C:\Users\namu1714\IdeaProjects\freelec-springboot2-webservice)
2021-05-01 13:18:47.039  INFO 4588 --- [    Test worker] c.j.b.s.web.IndexControllerTest          : No active profile set, falling back to default profiles: default
2021-05-01 13:18:47.439  INFO 4588 --- [    Test worker] .s.d.r.c.RepositoryConfigurationDelegate : Bootstrapping Spring Data repositories in DEFAULT mode.
2021-05-01 13:18:47.495  INFO 4588 --- [    Test worker] .s.d.r.c.RepositoryConfigurationDelegate : Finished Spring Data repository scanning in 55ms. Found 2 repository interfaces.
2021-05-01 13:18:47.702  INFO 4588 --- [    Test worker] trationDelegate$BeanPostProcessorChecker : Bean 'org.springframework.transaction.annotation.ProxyTransactionManagementConfiguration' of type [org.springframework.transaction.annotation.ProxyTransactionManagementConfiguration$$EnhancerBySpringCGLIB$$6f977357] is not eligible for getting processed by all BeanPostProcessors (for example: not eligible for auto-proxying)
2021-05-01 13:18:48.168  INFO 4588 --- [    Test worker] o.s.b.w.embedded.tomcat.TomcatWebServer  : Tomcat initialized with port(s): 0 (http)
2021-05-01 13:18:48.218  INFO 4588 --- [    Test worker] o.apache.catalina.core.StandardService   : Starting service [Tomcat]
2021-05-01 13:18:48.219  INFO 4588 --- [    Test worker] org.apache.catalina.core.StandardEngine  : Starting Servlet engine: [Apache Tomcat/9.0.22]
2021-05-01 13:18:48.494  INFO 4588 --- [    Test worker] o.a.c.c.C.[Tomcat].[localhost].[/]       : Initializing Spring embedded WebApplicationContext
2021-05-01 13:18:48.495  INFO 4588 --- [    Test worker] o.s.web.context.ContextLoader            : Root WebApplicationContext: initialization completed in 1451 ms
2021-05-01 13:18:48.837  INFO 4588 --- [    Test worker] com.zaxxer.hikari.HikariDataSource       : HikariPool-2 - Starting...
2021-05-01 13:18:48.839  INFO 4588 --- [    Test worker] com.zaxxer.hikari.HikariDataSource       : HikariPool-2 - Start completed.
2021-05-01 13:18:48.930  INFO 4588 --- [    Test worker] o.hibernate.jpa.internal.util.LogHelper  : HHH000204: Processing PersistenceUnitInfo [
	name: default
	...]
2021-05-01 13:18:48.958  INFO 4588 --- [    Test worker] org.hibernate.dialect.Dialect            : HHH000400: Using dialect: org.hibernate.dialect.MySQL5InnoDBDialect
Hibernate: drop table if exists posts
Hibernate: drop table if exists user
Hibernate: create table posts (id bigint not null auto_increment, created_date datetime, modified_date datetime, author varchar(255), content TEXT not null, title varchar(500) not null, primary key (id)) engine=InnoDB
Hibernate: create table user (id bigint not null auto_increment, created_date datetime, modified_date datetime, email varchar(255) not null, name varchar(255) not null, picture varchar(255), role varchar(255) not null, primary key (id)) engine=InnoDB
2021-05-01 13:18:49.045  INFO 4588 --- [    Test worker] o.h.t.schema.internal.SchemaCreatorImpl  : HHH000476: Executing import script 'org.hibernate.tool.schema.internal.exec.ScriptSourceInputNonExistentImpl@63d15860'
2021-05-01 13:18:49.046  INFO 4588 --- [    Test worker] j.LocalContainerEntityManagerFactoryBean : Initialized JPA EntityManagerFactory for persistence unit 'default'
2021-05-01 13:18:49.578  INFO 4588 --- [    Test worker] o.h.h.i.QueryTranslatorFactoryInitiator  : HHH000397: Using ASTQueryTranslatorFactory
2021-05-01 13:18:49.926  INFO 4588 --- [    Test worker] o.s.s.web.DefaultSecurityFilterChain     : Creating filter chain: any request, [org.springframework.security.web.context.request.async.WebAsyncManagerIntegrationFilter@7d57e148, org.springframework.security.web.context.SecurityContextPersistenceFilter@54a6760f, org.springframework.security.web.header.HeaderWriterFilter@21148aa5, org.springframework.security.web.authentication.logout.LogoutFilter@4aa85906, org.springframework.security.oauth2.client.web.OAuth2AuthorizationRequestRedirectFilter@fa0cd10, org.springframework.security.oauth2.client.web.OAuth2LoginAuthenticationFilter@1c97e2c8, org.springframework.security.web.authentication.ui.DefaultLoginPageGeneratingFilter@2d5944ac, org.springframework.security.web.authentication.ui.DefaultLogoutPageGeneratingFilter@82e1ba4, org.springframework.security.web.savedrequest.RequestCacheAwareFilter@4adf604e, org.springframework.security.web.servletapi.SecurityContextHolderAwareRequestFilter@4f1b8a12, org.springframework.security.web.authentication.AnonymousAuthenticationFilter@1ef8ffc, org.springframework.security.web.session.SessionManagementFilter@2b99272a, org.springframework.security.web.access.ExceptionTranslationFilter@6e3e1b3e, org.springframework.security.web.access.intercept.FilterSecurityInterceptor@5985813f]
2021-05-01 13:18:50.350  INFO 4588 --- [    Test worker] o.s.s.concurrent.ThreadPoolTaskExecutor  : Initializing ExecutorService 'applicationTaskExecutor'
2021-05-01 13:18:50.375  WARN 4588 --- [    Test worker] aWebConfiguration$JpaWebMvcConfiguration : spring.jpa.open-in-view is enabled by default. Therefore, database queries may be performed during view rendering. Explicitly configure spring.jpa.open-in-view to disable this warning
2021-05-01 13:18:50.428  INFO 4588 --- [    Test worker] o.s.b.a.w.s.WelcomePageHandlerMapping    : Adding welcome page template: index
2021-05-01 13:18:50.907  INFO 4588 --- [    Test worker] s.a.ScheduledAnnotationBeanPostProcessor : No TaskScheduler/ScheduledExecutorService bean found for scheduled processing
2021-05-01 13:18:50.941  INFO 4588 --- [    Test worker] o.s.b.w.embedded.tomcat.TomcatWebServer  : Tomcat started on port(s): 65270 (http) with context path ''
2021-05-01 13:18:50.942  INFO 4588 --- [    Test worker] c.j.b.s.web.IndexControllerTest          : Started IndexControllerTest in 3.99 seconds (JVM running for 19.413)
2021-05-01 13:18:51.113  INFO 4588 --- [o-auto-1-exec-1] o.a.c.c.C.[Tomcat].[localhost].[/]       : Initializing Spring DispatcherServlet 'dispatcherServlet'
2021-05-01 13:18:51.114  INFO 4588 --- [o-auto-1-exec-1] o.s.web.servlet.DispatcherServlet        : Initializing Servlet 'dispatcherServlet'
2021-05-01 13:18:51.151  INFO 4588 --- [o-auto-1-exec-1] o.s.web.servlet.DispatcherServlet        : Completed initialization in 35 ms
Hibernate: select posts0_.id as id1_0_, posts0_.created_date as created_2_0_, posts0_.modified_date as modified3_0_, posts0_.author as author4_0_, posts0_.content as content5_0_, posts0_.title as title6_0_ from posts posts0_ order by posts0_.id DESC
]]></system-out>
  <system-err><![CDATA[]]></system-err>
</testsuite>
