<?xml version="1.0" encoding="UTF-8"?>
<testsuite name="com.jojoldu.book.springboot.web.HelloControllerTest" tests="2" skipped="0" failures="0" errors="0" timestamp="2021-05-05T07:30:14" hostname="DESKTOP-K7NOP8D" time="0.312">
  <properties/>
  <testcase name="hello가_리턴된다" classname="com.jojoldu.book.springboot.web.HelloControllerTest" time="0.125"/>
  <testcase name="helloDto가_리턴된다" classname="com.jojoldu.book.springboot.web.HelloControllerTest" time="0.187"/>
  <system-out><![CDATA[2021-05-05 16:30:12.711  INFO 2408 --- [    Test worker] .b.t.a.w.s.WebMvcTestContextBootstrapper : Neither @ContextConfiguration nor @ContextHierarchy found for test class [com.jojoldu.book.springboot.web.HelloControllerTest], using SpringBootContextLoader
2021-05-05 16:30:12.714  INFO 2408 --- [    Test worker] o.s.t.c.support.AbstractContextLoader    : Could not detect default resource locations for test class [com.jojoldu.book.springboot.web.HelloControllerTest]: no resource found for suffixes {-context.xml, Context.groovy}.
2021-05-05 16:30:12.715  INFO 2408 --- [    Test worker] t.c.s.AnnotationConfigContextLoaderUtils : Could not detect default configuration classes for test class [com.jojoldu.book.springboot.web.HelloControllerTest]: HelloControllerTest does not declare any static, non-private, non-final, nested classes annotated with @Configuration.
2021-05-05 16:30:12.767  INFO 2408 --- [    Test worker] .b.t.c.SpringBootTestContextBootstrapper : Found @SpringBootConfiguration com.jojoldu.book.springboot.Application for test class com.jojoldu.book.springboot.web.HelloControllerTest
2021-05-05 16:30:12.768  INFO 2408 --- [    Test worker] .b.t.a.w.s.WebMvcTestContextBootstrapper : Loaded default TestExecutionListener class names from location [META-INF/spring.factories]: [org.springframework.security.test.context.support.WithSecurityContextTestExecutionListener, org.springframework.security.test.context.support.ReactorContextTestExecutionListener, org.springframework.boot.test.autoconfigure.restdocs.RestDocsTestExecutionListener, org.springframework.boot.test.autoconfigure.web.client.MockRestServiceServerResetTestExecutionListener, org.springframework.boot.test.autoconfigure.web.servlet.MockMvcPrintOnlyOnFailureTestExecutionListener, org.springframework.boot.test.autoconfigure.web.servlet.WebDriverTestExecutionListener, org.springframework.boot.test.mock.mockito.MockitoTestExecutionListener, org.springframework.boot.test.mock.mockito.ResetMocksTestExecutionListener, org.springframework.test.context.web.ServletTestExecutionListener, org.springframework.test.context.support.DirtiesContextBeforeModesTestExecutionListener, org.springframework.test.context.support.DependencyInjectionTestExecutionListener, org.springframework.test.context.support.DirtiesContextTestExecutionListener, org.springframework.test.context.transaction.TransactionalTestExecutionListener, org.springframework.test.context.jdbc.SqlScriptsTestExecutionListener]
2021-05-05 16:30:12.772  INFO 2408 --- [    Test worker] .b.t.a.w.s.WebMvcTestContextBootstrapper : Using TestExecutionListeners: [org.springframework.test.context.web.ServletTestExecutionListener@fc682f2, org.springframework.test.context.support.DirtiesContextBeforeModesTestExecutionListener@531733af, org.springframework.boot.test.mock.mockito.MockitoTestExecutionListener@2c30e65a, org.springframework.boot.test.autoconfigure.SpringBootDependencyInjectionTestExecutionListener@e8e2e58, org.springframework.test.context.support.DirtiesContextTestExecutionListener@35e4ec69, org.springframework.test.context.transaction.TransactionalTestExecutionListener@5f043b31, org.springframework.test.context.jdbc.SqlScriptsTestExecutionListener@742d14bd, org.springframework.security.test.context.support.WithSecurityContextTestExecutionListener@bae188e, org.springframework.security.test.context.support.ReactorContextTestExecutionListener@19bb2a36, org.springframework.boot.test.autoconfigure.restdocs.RestDocsTestExecutionListener@67984783, org.springframework.boot.test.autoconfigure.web.client.MockRestServiceServerResetTestExecutionListener@7b8c2f31, org.springframework.boot.test.autoconfigure.web.servlet.MockMvcPrintOnlyOnFailureTestExecutionListener@1d22a6, org.springframework.boot.test.autoconfigure.web.servlet.WebDriverTestExecutionListener@40374209, org.springframework.boot.test.mock.mockito.ResetMocksTestExecutionListener@65b6b1d3]

  .   ____          _            __ _ _
 /\\ / ___'_ __ _ _(_)_ __  __ _ \ \ \ \
( ( )\___ | '_ | '_| | '_ \/ _` | \ \ \ \
 \\/  ___)| |_)| | | | | || (_| |  ) ) ) )
  '  |____| .__|_| |_|_| |_\__, | / / / /
 =========|_|==============|___/=/_/_/_/
 :: Spring Boot ::        (v2.1.7.RELEASE)

2021-05-05 16:30:12.863  INFO 2408 --- [    Test worker] c.j.b.s.web.HelloControllerTest          : Starting HelloControllerTest on DESKTOP-K7NOP8D with PID 2408 (started by namu1714 in C:\Users\namu1714\IdeaProjects\freelec-springboot2-webservice)
2021-05-05 16:30:12.868  INFO 2408 --- [    Test worker] c.j.b.s.web.HelloControllerTest          : No active profile set, falling back to default profiles: default
2021-05-05 16:30:13.762  INFO 2408 --- [    Test worker] o.s.s.concurrent.ThreadPoolTaskExecutor  : Initializing ExecutorService 'applicationTaskExecutor'
2021-05-05 16:30:13.828  INFO 2408 --- [    Test worker] o.s.b.a.w.s.WelcomePageHandlerMapping    : Adding welcome page template: index
2021-05-05 16:30:14.305  INFO 2408 --- [    Test worker] .s.s.UserDetailsServiceAutoConfiguration : 

Using generated security password: c281fc49-9f5f-4144-90d4-1b56a39f339f

2021-05-05 16:30:14.631  INFO 2408 --- [    Test worker] o.s.s.web.DefaultSecurityFilterChain     : Creating filter chain: any request, [org.springframework.security.web.context.request.async.WebAsyncManagerIntegrationFilter@295179bb, org.springframework.security.web.context.SecurityContextPersistenceFilter@1b14bb55, org.springframework.security.web.header.HeaderWriterFilter@6325f5ee, org.springframework.security.web.csrf.CsrfFilter@11a88e13, org.springframework.security.web.authentication.logout.LogoutFilter@39210b5f, org.springframework.security.web.authentication.UsernamePasswordAuthenticationFilter@1f8ab705, org.springframework.security.web.authentication.ui.DefaultLoginPageGeneratingFilter@7b509661, org.springframework.security.web.authentication.ui.DefaultLogoutPageGeneratingFilter@3833cd1b, org.springframework.security.web.authentication.www.BasicAuthenticationFilter@779d28ee, org.springframework.security.web.savedrequest.RequestCacheAwareFilter@40754b52, org.springframework.security.web.servletapi.SecurityContextHolderAwareRequestFilter@c334c37, org.springframework.security.web.authentication.AnonymousAuthenticationFilter@267748ab, org.springframework.security.web.session.SessionManagementFilter@36a8278f, org.springframework.security.web.access.ExceptionTranslationFilter@4673b93c, org.springframework.security.web.access.intercept.FilterSecurityInterceptor@3216c182]
2021-05-05 16:30:14.718  INFO 2408 --- [    Test worker] o.s.b.t.m.w.SpringBootMockServletContext : Initializing Spring TestDispatcherServlet ''
2021-05-05 16:30:14.718  INFO 2408 --- [    Test worker] o.s.t.web.servlet.TestDispatcherServlet  : Initializing Servlet ''
2021-05-05 16:30:14.742  INFO 2408 --- [    Test worker] o.s.t.web.servlet.TestDispatcherServlet  : Completed initialization in 23 ms
2021-05-05 16:30:14.848  INFO 2408 --- [    Test worker] c.j.b.s.web.HelloControllerTest          : Started HelloControllerTest in 2.071 seconds (JVM running for 16.239)
]]></system-out>
  <system-err><![CDATA[]]></system-err>
</testsuite>
